# JRE version: OpenJDK Runtime Environment (21.0.10) (build 21.0.10+-14961533-b1163.108)
# Java VM: OpenJDK 64-Bit Server VM (21.0.10+-14961533-b1163.108, mixed mode, tiered, compressed oops, compressed class ptrs, g1 gc, windows-amd64)
GC Precious Log:
 CardTable entry size: 512
 Card Set container configuration: InlinePtr #cards 4 size 8 Array Of Cards #cards 32 size 80 Howl #buckets 8 coarsen threshold 7372 Howl Bitmap #cards 1024 size 144 coarsen threshold 921 Card regions per heap region 1 cards per card region 8192
 CPUs: 8 total, 8 available
 Memory: 7488M
 Large Page Support: Disabled
 NUMA Support: Disabled
 Compressed Oops: Enabled (Zero based)
 Heap Region Size: 4M
 Heap Min Capacity: 8M
 Heap Initial Capacity: 120M
 Heap Max Capacity: 8G
 Pre-touch: Disabled
 Parallel Workers: 8
 Concurrent Workers: 2
 Concurrent Refinement Workers: 8
 Periodic GC: Disabled
Heap:
 garbage-first heap   total 966656K, used 188951K [0x0000000600000000, 0x0000000800000000)
  region size 4096K, 4 young (16384K), 4 survivors (16384K)
 Metaspace       used 175894K, committed 177984K, reserved 1245184K
  class space    used 22686K, committed 23680K, reserved 1048576K
GC Heap History (20 events):
Event: 245.597 GC heap after
{Heap after GC invocations=105 (full 0):
 garbage-first heap   total 532480K, used 164994K [0x0000000600000000, 0x0000000800000000)
  region size 4096K, 1 young (4096K), 1 survivors (4096K)
 Metaspace       used 169249K, committed 171328K, reserved 1245184K
  class space    used 22166K, committed 23168K, reserved 1048576K
}
Event: 276.244 GC heap before
{Heap before GC invocations=105 (full 0):
 garbage-first heap   total 532480K, used 279682K [0x0000000600000000, 0x0000000800000000)
  region size 4096K, 29 young (118784K), 1 survivors (4096K)
 Metaspace       used 169784K, committed 171840K, reserved 1245184K
  class space    used 22182K, committed 23168K, reserved 1048576K
}
Event: 276.539 GC heap after
{Heap after GC invocations=106 (full 0):
 garbage-first heap   total 532480K, used 171496K [0x0000000600000000, 0x0000000800000000)
  region size 4096K, 3 young (12288K), 3 survivors (12288K)
 Metaspace       used 169784K, committed 171840K, reserved 1245184K
  class space    used 22182K, committed 23168K, reserved 1048576K
}
Event: 283.552 GC heap before
{Heap before GC invocations=106 (full 0):
 garbage-first heap   total 532480K, used 257512K [0x0000000600000000, 0x0000000800000000)
  region size 4096K, 23 young (94208K), 3 survivors (12288K)
 Metaspace       used 169827K, committed 171904K, reserved 1245184K
  class space    used 22187K, committed 23168K, reserved 1048576K
}
Event: 283.634 GC heap after
{Heap after GC invocations=107 (full 0):
 garbage-first heap   total 532480K, used 177619K [0x0000000600000000, 0x0000000800000000)
  region size 4096K, 1 young (4096K), 1 survivors (4096K)
 Metaspace       used 169827K, committed 171904K, reserved 1245184K
  class space    used 22187K, committed 23168K, reserved 1048576K
}
Event: 284.494 GC heap before
{Heap before GC invocations=107 (full 0):
 garbage-first heap   total 532480K, used 374227K [0x0000000600000000, 0x0000000800000000)
  region size 4096K, 49 young (200704K), 1 survivors (4096K)
 Metaspace       used 169827K, committed 171904K, reserved 1245184K
  class space    used 22187K, committed 23168K, reserved 1048576K
}
Event: 284.501 GC heap after
{Heap after GC invocations=108 (full 0):
 garbage-first heap   total 532480K, used 179735K [0x0000000600000000, 0x0000000800000000)
  region size 4096K, 2 young (8192K), 2 survivors (8192K)
 Metaspace       used 169827K, committed 171904K, reserved 1245184K
  class space    used 22187K, committed 23168K, reserved 1048576K
}
Event: 289.563 GC heap before
{Heap before GC invocations=108 (full 0):
 garbage-first heap   total 532480K, used 347671K [0x0000000600000000, 0x0000000800000000)
  region size 4096K, 44 young (180224K), 2 survivors (8192K)
 Metaspace       used 170370K, committed 172480K, reserved 1245184K
  class space    used 22264K, committed 23232K, reserved 1048576K
}
Event: 289.601 GC heap after
{Heap after GC invocations=109 (full 0):
 garbage-first heap   total 532480K, used 172169K [0x0000000600000000, 0x0000000800000000)
  region size 4096K, 1 young (4096K), 1 survivors (4096K)
 Metaspace       used 170370K, committed 172480K, reserved 1245184K
  class space    used 22264K, committed 23232K, reserved 1048576K
}
Event: 293.952 GC heap before
{Heap before GC invocations=110 (full 0):
 garbage-first heap   total 532480K, used 458889K [0x0000000600000000, 0x0000000800000000)
  region size 4096K, 75 young (307200K), 1 survivors (4096K)
 Metaspace       used 175031K, committed 177088K, reserved 1245184K
  class space    used 22646K, committed 23616K, reserved 1048576K
}
Event: 294.178 GC heap after
{Heap after GC invocations=111 (full 0):
 garbage-first heap   total 532480K, used 195831K [0x0000000600000000, 0x0000000800000000)
  region size 4096K, 10 young (40960K), 10 survivors (40960K)
 Metaspace       used 175031K, committed 177088K, reserved 1245184K
  class space    used 22646K, committed 23616K, reserved 1048576K
}
Event: 294.198 GC heap before
{Heap before GC invocations=111 (full 0):
 garbage-first heap   total 532480K, used 199927K [0x0000000600000000, 0x0000000800000000)
  region size 4096K, 11 young (45056K), 10 survivors (40960K)
 Metaspace       used 175038K, committed 177088K, reserved 1245184K
  class space    used 22646K, committed 23616K, reserved 1048576K
}
Event: 294.295 GC heap after
{Heap after GC invocations=112 (full 0):
 garbage-first heap   total 745472K, used 194579K [0x0000000600000000, 0x0000000800000000)
  region size 4096K, 1 young (4096K), 1 survivors (4096K)
 Metaspace       used 175038K, committed 177088K, reserved 1245184K
  class space    used 22646K, committed 23616K, reserved 1048576K
}
Event: 294.973 GC heap before
{Heap before GC invocations=112 (full 0):
 garbage-first heap   total 745472K, used 428051K [0x0000000600000000, 0x0000000800000000)
  region size 4096K, 59 young (241664K), 1 survivors (4096K)
 Metaspace       used 175717K, committed 177792K, reserved 1245184K
  class space    used 22685K, committed 23680K, reserved 1048576K
}
Event: 295.236 GC heap after
{Heap after GC invocations=113 (full 0):
 garbage-first heap   total 745472K, used 191427K [0x0000000600000000, 0x0000000800000000)
  region size 4096K, 2 young (8192K), 2 survivors (8192K)
 Metaspace       used 175717K, committed 177792K, reserved 1245184K
  class space    used 22685K, committed 23680K, reserved 1048576K
}
Event: 295.585 GC heap before
{Heap before GC invocations=113 (full 0):
 garbage-first heap   total 745472K, used 437187K [0x0000000600000000, 0x0000000800000000)
  region size 4096K, 62 young (253952K), 2 survivors (8192K)
 Metaspace       used 175816K, committed 177920K, reserved 1245184K
  class space    used 22685K, committed 23680K, reserved 1048576K
}
Event: 295.657 GC heap after
{Heap after GC invocations=114 (full 0):
 garbage-first heap   total 745472K, used 189787K [0x0000000600000000, 0x0000000800000000)
  region size 4096K, 2 young (8192K), 2 survivors (8192K)
 Metaspace       used 175816K, committed 177920K, reserved 1245184K
  class space    used 22685K, committed 23680K, reserved 1048576K
}
Event: 296.319 GC heap before
{Heap before GC invocations=114 (full 0):
 garbage-first heap   total 745472K, used 460123K [0x0000000600000000, 0x0000000800000000)
  region size 4096K, 68 young (278528K), 2 survivors (8192K)
 Metaspace       used 175860K, committed 177920K, reserved 1245184K
  class space    used 22686K, committed 23680K, reserved 1048576K
}
Event: 296.394 GC heap after
{Heap after GC invocations=115 (full 0):
 garbage-first heap   total 745472K, used 188926K [0x0000000600000000, 0x0000000800000000)
  region size 4096K, 3 young (12288K), 3 survivors (12288K)
 Metaspace       used 175860K, committed 177920K, reserved 1245184K
  class space    used 22686K, committed 23680K, reserved 1048576K
}
Event: 297.238 GC heap before
{Heap before GC invocations=115 (full 0):
 garbage-first heap   total 745472K, used 467454K [0x0000000600000000, 0x0000000800000000)
  region size 4096K, 72 young (294912K), 3 survivors (12288K)
 Metaspace       used 175894K, committed 177984K, reserved 1245184K
  class space    used 22686K, committed 23680K, reserved 1048576K
}

